mode: set
github.com/alex-richards/tiny-cbor/io.go:11.52,13.13 2 1
github.com/alex-richards/tiny-cbor/io.go:13.13,15.3 1 0
github.com/alex-richards/tiny-cbor/io.go:17.2,17.10 1 1
github.com/alex-richards/tiny-cbor/io.go:17.10,20.14 3 1
github.com/alex-richards/tiny-cbor/io.go:20.14,22.4 1 1
github.com/alex-richards/tiny-cbor/io.go:24.3,25.20 2 1
github.com/alex-richards/tiny-cbor/io.go:28.2,28.22 1 1
github.com/alex-richards/tiny-cbor/io.go:31.47,32.10 1 1
github.com/alex-richards/tiny-cbor/io.go:32.10,34.3 1 0
github.com/alex-richards/tiny-cbor/io.go:36.2,39.12 3 1
github.com/alex-richards/tiny-cbor/io.go:39.12,41.3 1 0
github.com/alex-richards/tiny-cbor/io.go:43.2,45.17 3 1
github.com/alex-richards/tiny-cbor/numbers.go:3.104,5.19 2 1
github.com/alex-richards/tiny-cbor/numbers.go:5.19,7.3 1 1
github.com/alex-richards/tiny-cbor/numbers.go:8.2,8.8 1 1
github.com/alex-richards/tiny-cbor/numbers.go:11.103,13.19 2 1
github.com/alex-richards/tiny-cbor/numbers.go:13.19,15.3 1 1
github.com/alex-richards/tiny-cbor/read.go:12.66,15.12 3 1
github.com/alex-richards/tiny-cbor/read.go:15.12,17.3 1 0
github.com/alex-richards/tiny-cbor/read.go:19.2,21.16 3 1
github.com/alex-richards/tiny-cbor/read.go:21.16,23.3 1 0
github.com/alex-richards/tiny-cbor/read.go:25.2,25.11 1 1
github.com/alex-richards/tiny-cbor/read.go:25.11,28.18 3 1
github.com/alex-richards/tiny-cbor/read.go:28.18,30.4 1 0
github.com/alex-richards/tiny-cbor/read.go:31.3,31.32 1 1
github.com/alex-richards/tiny-cbor/read.go:34.2,34.31 1 1
github.com/alex-richards/tiny-cbor/read.go:39.44,43.2 3 1
github.com/alex-richards/tiny-cbor/read.go:45.53,46.9 1 1
github.com/alex-richards/tiny-cbor/read.go:47.18,48.32 1 1
github.com/alex-richards/tiny-cbor/read.go:49.19,50.24 1 1
github.com/alex-richards/tiny-cbor/read.go:51.20,52.24 1 1
github.com/alex-richards/tiny-cbor/read.go:53.20,54.24 1 1
github.com/alex-richards/tiny-cbor/read.go:55.20,56.24 1 1
github.com/alex-richards/tiny-cbor/read.go:57.28,58.24 1 1
github.com/alex-richards/tiny-cbor/read.go:59.10,60.35 1 0
github.com/alex-richards/tiny-cbor/read.go:65.44,67.16 2 1
github.com/alex-richards/tiny-cbor/read.go:67.16,69.3 1 0
github.com/alex-richards/tiny-cbor/read.go:71.2,71.34 1 1
github.com/alex-richards/tiny-cbor/read.go:71.34,73.3 1 0
github.com/alex-richards/tiny-cbor/read.go:75.2,75.19 1 1
github.com/alex-richards/tiny-cbor/read.go:78.80,80.16 2 1
github.com/alex-richards/tiny-cbor/read.go:80.16,82.3 1 0
github.com/alex-richards/tiny-cbor/read.go:84.2,84.47 1 1
github.com/alex-richards/tiny-cbor/read.go:87.110,90.61 1 1
github.com/alex-richards/tiny-cbor/read.go:90.61,93.25 2 1
github.com/alex-richards/tiny-cbor/read.go:93.25,95.4 1 1
github.com/alex-richards/tiny-cbor/read.go:97.3,97.23 1 1
github.com/alex-richards/tiny-cbor/read.go:100.2,100.35 1 1
github.com/alex-richards/tiny-cbor/read.go:103.74,105.16 2 1
github.com/alex-richards/tiny-cbor/read.go:105.16,107.3 1 0
github.com/alex-richards/tiny-cbor/read.go:109.2,109.45 1 1
github.com/alex-richards/tiny-cbor/read.go:112.104,116.61 1 1
github.com/alex-richards/tiny-cbor/read.go:116.61,119.29 2 1
github.com/alex-richards/tiny-cbor/read.go:119.29,121.4 1 1
github.com/alex-richards/tiny-cbor/read.go:123.3,123.33 1 1
github.com/alex-richards/tiny-cbor/read.go:123.33,125.4 1 1
github.com/alex-richards/tiny-cbor/read.go:127.3,127.23 1 1
github.com/alex-richards/tiny-cbor/read.go:130.2,130.35 1 1
github.com/alex-richards/tiny-cbor/read.go:133.62,135.16 2 1
github.com/alex-richards/tiny-cbor/read.go:135.16,137.3 1 0
github.com/alex-richards/tiny-cbor/read.go:139.2,139.44 1 1
github.com/alex-richards/tiny-cbor/read.go:142.92,144.61 1 1
github.com/alex-richards/tiny-cbor/read.go:144.61,146.3 1 1
github.com/alex-richards/tiny-cbor/read.go:148.2,148.32 1 1
github.com/alex-richards/tiny-cbor/read.go:148.32,150.3 1 0
github.com/alex-richards/tiny-cbor/read.go:152.2,152.39 1 1
github.com/alex-richards/tiny-cbor/read.go:152.39,154.25 2 1
github.com/alex-richards/tiny-cbor/read.go:154.25,156.4 1 1
github.com/alex-richards/tiny-cbor/read.go:158.3,158.27 1 1
github.com/alex-richards/tiny-cbor/read.go:158.27,160.4 1 1
github.com/alex-richards/tiny-cbor/read.go:162.3,162.27 1 1
github.com/alex-richards/tiny-cbor/read.go:162.27,164.4 1 1
github.com/alex-richards/tiny-cbor/read.go:166.3,166.27 1 1
github.com/alex-richards/tiny-cbor/read.go:166.27,168.4 1 1
github.com/alex-richards/tiny-cbor/read.go:170.3,170.32 1 0
github.com/alex-richards/tiny-cbor/read.go:173.2,173.35 1 0
github.com/alex-richards/tiny-cbor/read.go:176.43,178.16 2 1
github.com/alex-richards/tiny-cbor/read.go:178.16,180.3 1 0
github.com/alex-richards/tiny-cbor/read.go:182.2,182.35 1 1
github.com/alex-richards/tiny-cbor/read.go:185.64,186.39 1 1
github.com/alex-richards/tiny-cbor/read.go:186.39,187.33 1 1
github.com/alex-richards/tiny-cbor/read.go:187.33,189.4 1 1
github.com/alex-richards/tiny-cbor/read.go:191.3,191.32 1 1
github.com/alex-richards/tiny-cbor/read.go:191.32,193.4 1 1
github.com/alex-richards/tiny-cbor/read.go:195.3,195.36 1 1
github.com/alex-richards/tiny-cbor/read.go:198.2,198.39 1 1
github.com/alex-richards/tiny-cbor/read.go:205.9,207.16 2 1
github.com/alex-richards/tiny-cbor/read.go:207.16,209.3 1 0
github.com/alex-richards/tiny-cbor/read.go:211.2,211.62 1 1
github.com/alex-richards/tiny-cbor/read.go:221.9,222.62 1 1
github.com/alex-richards/tiny-cbor/read.go:222.62,224.3 1 0
github.com/alex-richards/tiny-cbor/read.go:226.2,229.16 3 1
github.com/alex-richards/tiny-cbor/read.go:229.16,231.3 1 0
github.com/alex-richards/tiny-cbor/read.go:233.2,233.16 1 1
github.com/alex-richards/tiny-cbor/read.go:233.16,234.7 1 1
github.com/alex-richards/tiny-cbor/read.go:234.7,236.18 2 1
github.com/alex-richards/tiny-cbor/read.go:236.18,238.5 1 0
github.com/alex-richards/tiny-cbor/read.go:240.4,240.63 1 1
github.com/alex-richards/tiny-cbor/read.go:240.63,241.10 1 1
github.com/alex-richards/tiny-cbor/read.go:244.4,244.64 1 1
github.com/alex-richards/tiny-cbor/read.go:244.64,246.5 1 0
github.com/alex-richards/tiny-cbor/read.go:248.4,248.28 1 1
github.com/alex-richards/tiny-cbor/read.go:248.28,250.5 1 0
github.com/alex-richards/tiny-cbor/read.go:252.4,253.18 2 1
github.com/alex-richards/tiny-cbor/read.go:253.18,255.5 1 0
github.com/alex-richards/tiny-cbor/read.go:257.8,259.17 2 1
github.com/alex-richards/tiny-cbor/read.go:259.17,261.4 1 0
github.com/alex-richards/tiny-cbor/read.go:264.2,264.12 1 1
github.com/alex-richards/tiny-cbor/read.go:271.9,276.17 5 1
github.com/alex-richards/tiny-cbor/read.go:276.17,280.13 4 1
github.com/alex-richards/tiny-cbor/read.go:280.13,282.4 1 0
github.com/alex-richards/tiny-cbor/read.go:283.3,284.13 2 1
github.com/alex-richards/tiny-cbor/read.go:284.13,286.4 1 0
github.com/alex-richards/tiny-cbor/read.go:288.3,288.22 1 1
github.com/alex-richards/tiny-cbor/read.go:291.2,291.12 1 1
github.com/alex-richards/tiny-cbor/read.go:298.9,300.16 2 1
github.com/alex-richards/tiny-cbor/read.go:300.16,302.3 1 0
github.com/alex-richards/tiny-cbor/read.go:304.2,304.67 1 1
github.com/alex-richards/tiny-cbor/read.go:314.9,315.33 1 1
github.com/alex-richards/tiny-cbor/read.go:315.33,317.3 1 0
github.com/alex-richards/tiny-cbor/read.go:319.2,322.16 3 1
github.com/alex-richards/tiny-cbor/read.go:322.16,324.3 1 0
github.com/alex-richards/tiny-cbor/read.go:326.2,326.16 1 1
github.com/alex-richards/tiny-cbor/read.go:326.16,328.7 2 1
github.com/alex-richards/tiny-cbor/read.go:328.7,330.18 2 1
github.com/alex-richards/tiny-cbor/read.go:330.18,332.5 1 0
github.com/alex-richards/tiny-cbor/read.go:333.4,333.23 1 1
github.com/alex-richards/tiny-cbor/read.go:333.23,334.10 1 1
github.com/alex-richards/tiny-cbor/read.go:337.4,338.18 2 1
github.com/alex-richards/tiny-cbor/read.go:338.18,340.5 1 0
github.com/alex-richards/tiny-cbor/read.go:342.8,343.38 1 1
github.com/alex-richards/tiny-cbor/read.go:343.38,345.18 2 1
github.com/alex-richards/tiny-cbor/read.go:345.18,347.5 1 0
github.com/alex-richards/tiny-cbor/read.go:350.2,350.12 1 1
github.com/alex-richards/tiny-cbor/read.go:357.9,359.16 2 1
github.com/alex-richards/tiny-cbor/read.go:359.16,361.3 1 0
github.com/alex-richards/tiny-cbor/read.go:363.2,363.69 1 1
github.com/alex-richards/tiny-cbor/read.go:373.9,374.31 1 1
github.com/alex-richards/tiny-cbor/read.go:374.31,376.3 1 0
github.com/alex-richards/tiny-cbor/read.go:378.2,381.16 3 1
github.com/alex-richards/tiny-cbor/read.go:381.16,383.3 1 0
github.com/alex-richards/tiny-cbor/read.go:385.2,385.16 1 1
github.com/alex-richards/tiny-cbor/read.go:385.16,387.7 2 0
github.com/alex-richards/tiny-cbor/read.go:387.7,389.18 2 0
github.com/alex-richards/tiny-cbor/read.go:389.18,391.5 1 0
github.com/alex-richards/tiny-cbor/read.go:392.4,392.23 1 0
github.com/alex-richards/tiny-cbor/read.go:392.23,393.10 1 0
github.com/alex-richards/tiny-cbor/read.go:396.4,397.18 2 0
github.com/alex-richards/tiny-cbor/read.go:397.18,399.5 1 0
github.com/alex-richards/tiny-cbor/read.go:401.8,402.38 1 1
github.com/alex-richards/tiny-cbor/read.go:402.38,404.18 2 1
github.com/alex-richards/tiny-cbor/read.go:404.18,406.5 1 0
github.com/alex-richards/tiny-cbor/read.go:410.2,410.12 1 1
github.com/alex-richards/tiny-cbor/read_any.go:13.41,15.16 2 1
github.com/alex-richards/tiny-cbor/read_any.go:15.16,17.3 1 0
github.com/alex-richards/tiny-cbor/read_any.go:19.2,19.43 1 1
github.com/alex-richards/tiny-cbor/read_any.go:22.85,24.19 2 1
github.com/alex-richards/tiny-cbor/read_any.go:25.21,26.10 1 1
github.com/alex-richards/tiny-cbor/read_any.go:27.20,28.53 1 1
github.com/alex-richards/tiny-cbor/read_any.go:29.21,30.54 1 1
github.com/alex-richards/tiny-cbor/read_any.go:31.21,32.54 1 1
github.com/alex-richards/tiny-cbor/read_any.go:33.21,34.54 1 1
github.com/alex-richards/tiny-cbor/read_any.go:35.11,36.32 1 0
github.com/alex-richards/tiny-cbor/read_any.go:39.21,40.10 1 1
github.com/alex-richards/tiny-cbor/read_any.go:41.20,42.50 1 1
github.com/alex-richards/tiny-cbor/read_any.go:43.21,44.51 1 1
github.com/alex-richards/tiny-cbor/read_any.go:45.21,46.51 1 0
github.com/alex-richards/tiny-cbor/read_any.go:47.21,48.51 1 1
github.com/alex-richards/tiny-cbor/read_any.go:49.11,50.32 1 0
github.com/alex-richards/tiny-cbor/read_any.go:53.21,56.47 2 1
github.com/alex-richards/tiny-cbor/read_any.go:56.47,59.5 2 1
github.com/alex-richards/tiny-cbor/read_any.go:62.3,62.17 1 1
github.com/alex-richards/tiny-cbor/read_any.go:62.17,64.4 1 0
github.com/alex-richards/tiny-cbor/read_any.go:65.3,65.24 1 1
github.com/alex-richards/tiny-cbor/read_any.go:67.21,70.47 2 1
github.com/alex-richards/tiny-cbor/read_any.go:70.47,73.5 2 1
github.com/alex-richards/tiny-cbor/read_any.go:76.3,76.17 1 1
github.com/alex-richards/tiny-cbor/read_any.go:76.17,78.4 1 0
github.com/alex-richards/tiny-cbor/read_any.go:79.3,79.32 1 1
github.com/alex-richards/tiny-cbor/read_any.go:81.22,83.27 2 1
github.com/alex-richards/tiny-cbor/read_any.go:83.27,84.8 1 1
github.com/alex-richards/tiny-cbor/read_any.go:84.8,86.19 2 1
github.com/alex-richards/tiny-cbor/read_any.go:86.19,88.6 1 0
github.com/alex-richards/tiny-cbor/read_any.go:90.5,90.64 1 1
github.com/alex-richards/tiny-cbor/read_any.go:90.64,91.11 1 1
github.com/alex-richards/tiny-cbor/read_any.go:94.5,95.19 2 1
github.com/alex-richards/tiny-cbor/read_any.go:95.19,97.6 1 0
github.com/alex-richards/tiny-cbor/read_any.go:98.5,98.21 1 1
github.com/alex-richards/tiny-cbor/read_any.go:100.9,101.39 1 1
github.com/alex-richards/tiny-cbor/read_any.go:101.39,103.19 2 1
github.com/alex-richards/tiny-cbor/read_any.go:103.19,105.6 1 0
github.com/alex-richards/tiny-cbor/read_any.go:106.5,106.13 1 1
github.com/alex-richards/tiny-cbor/read_any.go:109.3,109.16 1 1
github.com/alex-richards/tiny-cbor/read_any.go:111.20,113.27 2 1
github.com/alex-richards/tiny-cbor/read_any.go:113.27,114.8 1 1
github.com/alex-richards/tiny-cbor/read_any.go:114.8,116.19 2 1
github.com/alex-richards/tiny-cbor/read_any.go:116.19,118.6 1 0
github.com/alex-richards/tiny-cbor/read_any.go:120.5,120.64 1 1
github.com/alex-richards/tiny-cbor/read_any.go:120.64,121.11 1 1
github.com/alex-richards/tiny-cbor/read_any.go:124.5,125.19 2 1
github.com/alex-richards/tiny-cbor/read_any.go:125.19,127.6 1 0
github.com/alex-richards/tiny-cbor/read_any.go:128.5,129.19 2 1
github.com/alex-richards/tiny-cbor/read_any.go:129.19,131.6 1 0
github.com/alex-richards/tiny-cbor/read_any.go:132.5,132.13 1 1
github.com/alex-richards/tiny-cbor/read_any.go:134.9,135.39 1 1
github.com/alex-richards/tiny-cbor/read_any.go:135.39,137.19 2 1
github.com/alex-richards/tiny-cbor/read_any.go:137.19,139.6 1 0
github.com/alex-richards/tiny-cbor/read_any.go:140.5,141.19 2 1
github.com/alex-richards/tiny-cbor/read_any.go:141.19,143.6 1 0
github.com/alex-richards/tiny-cbor/read_any.go:144.5,144.13 1 1
github.com/alex-richards/tiny-cbor/read_any.go:147.3,147.16 1 1
github.com/alex-richards/tiny-cbor/read_any.go:149.23,150.21 1 1
github.com/alex-richards/tiny-cbor/read_any.go:152.10,153.10 1 1
github.com/alex-richards/tiny-cbor/read_any.go:154.48,155.53 1 1
github.com/alex-richards/tiny-cbor/read_any.go:156.74,157.37 1 1
github.com/alex-richards/tiny-cbor/read_any.go:158.70,159.19 1 1
github.com/alex-richards/tiny-cbor/read_any.go:160.27,161.53 1 1
github.com/alex-richards/tiny-cbor/read_any.go:162.29,163.52 1 1
github.com/alex-richards/tiny-cbor/read_any.go:164.29,165.52 1 1
github.com/alex-richards/tiny-cbor/read_any.go:166.29,167.52 1 1
github.com/alex-richards/tiny-cbor/read_any.go:168.11,169.32 1 0
github.com/alex-richards/tiny-cbor/read_over.go:6.35,8.16 2 1
github.com/alex-richards/tiny-cbor/read_over.go:8.16,10.3 1 0
github.com/alex-richards/tiny-cbor/read_over.go:12.2,12.44 1 1
github.com/alex-richards/tiny-cbor/read_over.go:16.79,17.19 1 1
github.com/alex-richards/tiny-cbor/read_over.go:20.24,21.13 1 1
github.com/alex-richards/tiny-cbor/read_over.go:24.17,25.27 1 1
github.com/alex-richards/tiny-cbor/read_over.go:25.27,26.8 1 1
github.com/alex-richards/tiny-cbor/read_over.go:26.8,28.19 2 1
github.com/alex-richards/tiny-cbor/read_over.go:28.19,30.6 1 0
github.com/alex-richards/tiny-cbor/read_over.go:32.5,32.64 1 1
github.com/alex-richards/tiny-cbor/read_over.go:32.64,33.11 1 1
github.com/alex-richards/tiny-cbor/read_over.go:36.5,36.19 1 1
github.com/alex-richards/tiny-cbor/read_over.go:36.19,39.16 3 1
github.com/alex-richards/tiny-cbor/read_over.go:39.16,41.7 1 0
github.com/alex-richards/tiny-cbor/read_over.go:42.6,42.24 1 1
github.com/alex-richards/tiny-cbor/read_over.go:45.4,45.14 1 1
github.com/alex-richards/tiny-cbor/read_over.go:46.9,47.18 1 1
github.com/alex-richards/tiny-cbor/read_over.go:47.18,50.15 3 1
github.com/alex-richards/tiny-cbor/read_over.go:50.15,52.6 1 0
github.com/alex-richards/tiny-cbor/read_over.go:53.5,53.23 1 1
github.com/alex-richards/tiny-cbor/read_over.go:55.4,55.14 1 1
github.com/alex-richards/tiny-cbor/read_over.go:58.22,59.27 1 1
github.com/alex-richards/tiny-cbor/read_over.go:59.27,60.8 1 1
github.com/alex-richards/tiny-cbor/read_over.go:60.8,62.19 2 1
github.com/alex-richards/tiny-cbor/read_over.go:62.19,64.6 1 0
github.com/alex-richards/tiny-cbor/read_over.go:66.5,66.64 1 1
github.com/alex-richards/tiny-cbor/read_over.go:66.64,67.11 1 1
github.com/alex-richards/tiny-cbor/read_over.go:70.5,70.62 1 1
github.com/alex-richards/tiny-cbor/read_over.go:70.62,72.6 1 0
github.com/alex-richards/tiny-cbor/read_over.go:74.4,74.14 1 1
github.com/alex-richards/tiny-cbor/read_over.go:75.9,76.39 1 1
github.com/alex-richards/tiny-cbor/read_over.go:76.39,77.40 1 1
github.com/alex-richards/tiny-cbor/read_over.go:77.40,79.6 1 0
github.com/alex-richards/tiny-cbor/read_over.go:81.4,81.14 1 1
github.com/alex-richards/tiny-cbor/read_over.go:84.20,85.27 1 1
github.com/alex-richards/tiny-cbor/read_over.go:85.27,86.8 1 1
github.com/alex-richards/tiny-cbor/read_over.go:86.8,88.19 2 1
github.com/alex-richards/tiny-cbor/read_over.go:88.19,90.6 1 0
github.com/alex-richards/tiny-cbor/read_over.go:92.5,92.64 1 1
github.com/alex-richards/tiny-cbor/read_over.go:92.64,93.11 1 1
github.com/alex-richards/tiny-cbor/read_over.go:96.5,96.62 1 1
github.com/alex-richards/tiny-cbor/read_over.go:96.62,98.6 1 0
github.com/alex-richards/tiny-cbor/read_over.go:99.5,99.39 1 1
github.com/alex-richards/tiny-cbor/read_over.go:99.39,101.6 1 0
github.com/alex-richards/tiny-cbor/read_over.go:103.4,103.14 1 1
github.com/alex-richards/tiny-cbor/read_over.go:104.9,105.39 1 1
github.com/alex-richards/tiny-cbor/read_over.go:105.39,106.40 1 1
github.com/alex-richards/tiny-cbor/read_over.go:106.40,108.6 1 0
github.com/alex-richards/tiny-cbor/read_over.go:109.5,109.40 1 1
github.com/alex-richards/tiny-cbor/read_over.go:109.40,111.6 1 0
github.com/alex-richards/tiny-cbor/read_over.go:113.4,113.14 1 1
github.com/alex-richards/tiny-cbor/read_over.go:116.23,117.22 1 1
github.com/alex-richards/tiny-cbor/read_over.go:119.10,120.33 1 0
github.com/alex-richards/tiny-cbor/read_raw.go:10.9,12.12 2 1
github.com/alex-richards/tiny-cbor/read_raw.go:12.12,14.3 1 0
github.com/alex-richards/tiny-cbor/read_raw.go:16.2,18.16 3 1
github.com/alex-richards/tiny-cbor/read_raw.go:18.16,20.3 1 0
github.com/alex-richards/tiny-cbor/read_raw.go:22.2,23.11 2 1
github.com/alex-richards/tiny-cbor/read_raw.go:23.11,25.18 2 1
github.com/alex-richards/tiny-cbor/read_raw.go:25.18,27.4 1 0
github.com/alex-richards/tiny-cbor/read_raw.go:28.3,28.49 1 1
github.com/alex-richards/tiny-cbor/read_raw.go:31.2,32.18 2 1
github.com/alex-richards/tiny-cbor/read_raw.go:32.18,34.3 1 0
github.com/alex-richards/tiny-cbor/read_raw.go:36.2,36.19 1 1
github.com/alex-richards/tiny-cbor/read_raw.go:37.58,38.13 1 1
github.com/alex-richards/tiny-cbor/read_raw.go:40.36,41.27 1 1
github.com/alex-richards/tiny-cbor/read_raw.go:41.27,43.8 2 1
github.com/alex-richards/tiny-cbor/read_raw.go:43.8,45.19 2 1
github.com/alex-richards/tiny-cbor/read_raw.go:45.19,47.6 1 0
github.com/alex-richards/tiny-cbor/read_raw.go:49.5,49.24 1 1
github.com/alex-richards/tiny-cbor/read_raw.go:49.24,51.11 2 1
github.com/alex-richards/tiny-cbor/read_raw.go:54.5,55.19 2 1
github.com/alex-richards/tiny-cbor/read_raw.go:55.19,57.6 1 0
github.com/alex-richards/tiny-cbor/read_raw.go:59.4,59.14 1 1
github.com/alex-richards/tiny-cbor/read_raw.go:60.9,62.48 1 1
github.com/alex-richards/tiny-cbor/read_raw.go:62.48,62.62 1 1
github.com/alex-richards/tiny-cbor/read_raw.go:67.22,68.27 1 1
github.com/alex-richards/tiny-cbor/read_raw.go:68.27,70.8 2 1
github.com/alex-richards/tiny-cbor/read_raw.go:70.8,72.19 2 1
github.com/alex-richards/tiny-cbor/read_raw.go:72.19,74.6 1 0
github.com/alex-richards/tiny-cbor/read_raw.go:76.5,76.24 1 1
github.com/alex-richards/tiny-cbor/read_raw.go:76.24,78.11 2 1
github.com/alex-richards/tiny-cbor/read_raw.go:81.5,82.19 2 1
github.com/alex-richards/tiny-cbor/read_raw.go:82.19,84.6 1 0
github.com/alex-richards/tiny-cbor/read_raw.go:86.4,86.14 1 1
github.com/alex-richards/tiny-cbor/read_raw.go:87.9,88.16 1 1
github.com/alex-richards/tiny-cbor/read_raw.go:88.16,90.19 2 1
github.com/alex-richards/tiny-cbor/read_raw.go:90.19,92.6 1 0
github.com/alex-richards/tiny-cbor/read_raw.go:94.4,94.14 1 1
github.com/alex-richards/tiny-cbor/read_raw.go:97.20,98.27 1 1
github.com/alex-richards/tiny-cbor/read_raw.go:98.27,100.8 2 1
github.com/alex-richards/tiny-cbor/read_raw.go:100.8,102.19 2 1
github.com/alex-richards/tiny-cbor/read_raw.go:102.19,104.6 1 0
github.com/alex-richards/tiny-cbor/read_raw.go:106.5,106.24 1 1
github.com/alex-richards/tiny-cbor/read_raw.go:106.24,108.11 2 1
github.com/alex-richards/tiny-cbor/read_raw.go:111.5,111.17 1 1
github.com/alex-richards/tiny-cbor/read_raw.go:111.17,113.20 2 1
github.com/alex-richards/tiny-cbor/read_raw.go:113.20,115.7 1 0
github.com/alex-richards/tiny-cbor/read_raw.go:118.4,118.14 1 1
github.com/alex-richards/tiny-cbor/read_raw.go:119.9,120.16 1 1
github.com/alex-richards/tiny-cbor/read_raw.go:120.16,121.17 1 1
github.com/alex-richards/tiny-cbor/read_raw.go:121.17,123.20 2 1
github.com/alex-richards/tiny-cbor/read_raw.go:123.20,125.7 1 0
github.com/alex-richards/tiny-cbor/read_raw.go:128.4,128.14 1 1
github.com/alex-richards/tiny-cbor/read_raw.go:131.10,132.26 1 1
github.com/alex-richards/tiny-cbor/write.go:11.84,14.26 2 1
github.com/alex-richards/tiny-cbor/write.go:14.26,17.3 2 1
github.com/alex-richards/tiny-cbor/write.go:19.2,20.9 2 1
github.com/alex-richards/tiny-cbor/write.go:21.22,23.8 2 1
github.com/alex-richards/tiny-cbor/write.go:24.25,26.8 2 1
github.com/alex-richards/tiny-cbor/write.go:27.31,29.8 2 1
github.com/alex-richards/tiny-cbor/write.go:30.10,32.8 2 1
github.com/alex-richards/tiny-cbor/write.go:35.2,36.41 2 1
github.com/alex-richards/tiny-cbor/write.go:39.93,41.2 1 1
github.com/alex-richards/tiny-cbor/write.go:43.87,44.16 1 1
github.com/alex-richards/tiny-cbor/write.go:44.16,46.3 1 1
github.com/alex-richards/tiny-cbor/write.go:47.2,47.61 1 1
github.com/alex-richards/tiny-cbor/write.go:50.93,53.11 2 1
github.com/alex-richards/tiny-cbor/write.go:54.9,58.38 4 1
github.com/alex-richards/tiny-cbor/write.go:60.9,62.64 2 1
github.com/alex-richards/tiny-cbor/write.go:62.64,64.4 1 1
github.com/alex-richards/tiny-cbor/write.go:66.3,68.38 3 1
github.com/alex-richards/tiny-cbor/write.go:70.9,73.24 3 1
github.com/alex-richards/tiny-cbor/write.go:73.24,75.4 1 1
github.com/alex-richards/tiny-cbor/write.go:77.3,79.38 3 1
github.com/alex-richards/tiny-cbor/write.go:81.10,82.35 1 0
github.com/alex-richards/tiny-cbor/write.go:86.56,87.11 1 1
github.com/alex-richards/tiny-cbor/write.go:87.11,89.3 1 1
github.com/alex-richards/tiny-cbor/write.go:90.2,90.71 1 1
github.com/alex-richards/tiny-cbor/write.go:93.57,95.2 1 1
github.com/alex-richards/tiny-cbor/write.go:97.59,101.16 4 1
github.com/alex-richards/tiny-cbor/write.go:101.16,103.3 1 0
github.com/alex-richards/tiny-cbor/write.go:104.2,106.16 3 1
github.com/alex-richards/tiny-cbor/write.go:109.60,113.16 4 1
github.com/alex-richards/tiny-cbor/write.go:113.16,115.3 1 0
github.com/alex-richards/tiny-cbor/write.go:116.2,118.16 3 1
github.com/alex-richards/tiny-cbor/write.go:121.66,123.2 1 1
github.com/alex-richards/tiny-cbor/write.go:125.64,127.2 1 1
